{"uuid":"08c33da9-a5f7-46b8-ab73-2291105ab75f","name":"Scenario: The User clicks Get Started button on landing page","children":["3dc5b03f-7e4d-4d86-90f4-74d92791594d"],"befores":[{"name":"stepDefinitions.Hooks.setUp()","status":"broken","statusDetails":{"known":false,"muted":false,"flaky":false,"message":"BEFORE is failed: Could not start a new session. Response code 500. Message: Could not create a session: You must enable the 'Allow Remote Automation' option in Safari's Develop menu to control Safari via WebDriver. \nHost info: host: 'Praveens-MacBook-Pro-2.local', ip: 'fe80:0:0:0:40b:1dbc:cc76:86dd%en0'\nBuild info: version: '4.12.0', revision: '249f2a7d1b*'\nSystem info: os.name: 'Mac OS X', os.arch: 'x86_64', os.version: '13.5.1', java.version: '20.0.2'\nDriver info: org.openqa.selenium.safari.SafariDriver\nCommand: [null, newSession {capabilities=[Capabilities {browserName: safari}]}]\nCapabilities {browserName: safari}","trace":"org.openqa.selenium.SessionNotCreatedException: Could not start a new session. Response code 500. Message: Could not create a session: You must enable the 'Allow Remote Automation' option in Safari's Develop menu to control Safari via WebDriver. \nHost info: host: 'Praveens-MacBook-Pro-2.local', ip: 'fe80:0:0:0:40b:1dbc:cc76:86dd%en0'\nBuild info: version: '4.12.0', revision: '249f2a7d1b*'\nSystem info: os.name: 'Mac OS X', os.arch: 'x86_64', os.version: '13.5.1', java.version: '20.0.2'\nDriver info: org.openqa.selenium.safari.SafariDriver\nCommand: [null, newSession {capabilities=[Capabilities {browserName: safari}]}]\nCapabilities {browserName: safari}\n\tat org.openqa.selenium.remote.ProtocolHandshake.createSession(ProtocolHandshake.java:140)\n\tat org.openqa.selenium.remote.ProtocolHandshake.createSession(ProtocolHandshake.java:96)\n\tat org.openqa.selenium.remote.ProtocolHandshake.createSession(ProtocolHandshake.java:68)\n\tat org.openqa.selenium.remote.HttpCommandExecutor.execute(HttpCommandExecutor.java:163)\n\tat org.openqa.selenium.remote.service.DriverCommandExecutor.invokeExecute(DriverCommandExecutor.java:196)\n\tat org.openqa.selenium.remote.service.DriverCommandExecutor.execute(DriverCommandExecutor.java:171)\n\tat org.openqa.selenium.remote.RemoteWebDriver.execute(RemoteWebDriver.java:602)\n\tat org.openqa.selenium.remote.RemoteWebDriver.startSession(RemoteWebDriver.java:236)\n\tat org.openqa.selenium.remote.RemoteWebDriver.<init>(RemoteWebDriver.java:163)\n\tat org.openqa.selenium.safari.SafariDriver.<init>(SafariDriver.java:83)\n\tat org.openqa.selenium.safari.SafariDriver.<init>(SafariDriver.java:79)\n\tat org.openqa.selenium.safari.SafariDriver.<init>(SafariDriver.java:56)\n\tat org.openqa.selenium.safari.SafariDriver.<init>(SafariDriver.java:47)\n\tat stepDefinitions.BaseClass.setDriver(BaseClass.java:58)\n\tat Utilities.Helper.<init>(Helper.java:19)\n\tat Utilities.Helper.setUpDriver(Helper.java:40)\n\tat stepDefinitions.Hooks.setUp(Hooks.java:15)\n"},"stage":"finished","steps":[],"attachments":[],"parameters":[],"start":1698129888292,"stop":1698129890466}],"afters":[{"name":"stepDefinitions.Hooks.tearDown(io.cucumber.java.Scenario)","status":"broken","statusDetails":{"known":false,"muted":false,"flaky":false,"message":"AFTER is failed: Cannot invoke \"org.openqa.selenium.TakesScreenshot.getScreenshotAs(org.openqa.selenium.OutputType)\" because the return value of \"Utilities.Helper.getDriver()\" is null","trace":"java.lang.NullPointerException: Cannot invoke \"org.openqa.selenium.TakesScreenshot.getScreenshotAs(org.openqa.selenium.OutputType)\" because the return value of \"Utilities.Helper.getDriver()\" is null\n\tat stepDefinitions.Hooks.tearDown(Hooks.java:22)\n"},"stage":"finished","steps":[],"attachments":[],"parameters":[],"start":1698129890484,"stop":1698129890487}],"start":1698129888209,"stop":1698129890489}