{"uuid":"48f6a588-6a62-4d61-8a39-6a0c855aee7b","historyId":"ed3d17bb0bbb124a643b317fa395040d","fullName":"src/test/resources/features/list.feature:90","labels":[{"name":"tag","value":"list"},{"name":"host","value":"Praveens-MacBook-Pro-2.local"},{"name":"thread","value":"43508@Praveens-MacBook-Pro-2.local.main(1)"},{"name":"feature","value":"User navigate to List data structure Page and try different operations on List"},{"name":"story","value":"User navigate to linked list data structure page and validates traversal link page"},{"name":"suite","value":"User navigate to List data structure Page and try different operations on List"},{"name":"testClass","value":"User navigate to linked list data structure page and validates traversal link page"},{"name":"framework","value":"cucumber4jvm"},{"name":"language","value":"java"},{"name":"gherkin_uri","value":"file:///Users/praveenkumarsharma/eclipse-workspace/justdsalgo/src/test/resources/features/list.feature"},{"name":"package","value":"src.test.resources.features.list_feature.User navigate to List data structure Page and try different operations on List"}],"links":[],"name":"User navigate to linked list data structure page and validates traversal link page","status":"failed","statusDetails":{"known":false,"muted":false,"flaky":false,"message":"expected [] but found [hello]","trace":"java.lang.AssertionError: expected [] but found [hello]\n\tat org.testng.Assert.fail(Assert.java:111)\n\tat org.testng.Assert.failNotEquals(Assert.java:1578)\n\tat org.testng.Assert.assertEqualsImpl(Assert.java:150)\n\tat org.testng.Assert.assertEquals(Assert.java:132)\n\tat org.testng.Assert.assertEquals(Assert.java:656)\n\tat org.testng.Assert.assertEquals(Assert.java:666)\n\tat stepDefinitions.dataStructureSteps.user_should_see_code_executed_successfully(dataStructureSteps.java:136)\n\tat ✽.User should see code executed successfully(file:///Users/praveenkumarsharma/eclipse-workspace/justdsalgo/src/test/resources/features/list.feature:85)\n"},"stage":"finished","steps":[{"name":"Given  The user is on signin page","status":"passed","statusDetails":{"known":false,"muted":false,"flaky":false},"stage":"finished","steps":[],"attachments":[],"parameters":[],"start":1697736428637,"stop":1697736430737},{"name":"When  The user enter sheet \"Sheet1\" and 4","status":"passed","statusDetails":{"known":false,"muted":false,"flaky":false},"stage":"finished","steps":[],"attachments":[],"parameters":[],"start":1697736430741,"stop":1697736430943},{"name":"And  click login button","status":"passed","statusDetails":{"known":false,"muted":false,"flaky":false},"stage":"finished","steps":[],"attachments":[],"parameters":[],"start":1697736430943,"stop":1697736431755},{"name":"When  User click Get Started button for the list card","status":"passed","statusDetails":{"known":false,"muted":false,"flaky":false},"stage":"finished","steps":[],"attachments":[],"parameters":[],"start":1697736431756,"stop":1697736432950},{"name":"Then  User should redirected to linked list page","status":"passed","statusDetails":{"known":false,"muted":false,"flaky":false},"stage":"finished","steps":[],"attachments":[],"parameters":[],"start":1697736432950,"stop":1697736432956},{"name":"When  User click traversal link","status":"passed","statusDetails":{"known":false,"muted":false,"flaky":false},"stage":"finished","steps":[],"attachments":[],"parameters":[],"start":1697736432957,"stop":1697736433693},{"name":"And  User click Try Here button","status":"passed","statusDetails":{"known":false,"muted":false,"flaky":false},"stage":"finished","steps":[],"attachments":[],"parameters":[],"start":1697736433693,"stop":1697736443359},{"name":"When  User enter python code \"Sheet1\" in tryEditor 4 and click run button","status":"passed","statusDetails":{"known":false,"muted":false,"flaky":false},"stage":"finished","steps":[],"attachments":[],"parameters":[],"start":1697736443359,"stop":1697736443554},{"name":"Then  User should see code executed successfully","status":"failed","statusDetails":{"known":false,"muted":false,"flaky":false,"message":"expected [] but found [hello]","trace":"java.lang.AssertionError: expected [] but found [hello]\n\tat org.testng.Assert.fail(Assert.java:111)\n\tat org.testng.Assert.failNotEquals(Assert.java:1578)\n\tat org.testng.Assert.assertEqualsImpl(Assert.java:150)\n\tat org.testng.Assert.assertEquals(Assert.java:132)\n\tat org.testng.Assert.assertEquals(Assert.java:656)\n\tat org.testng.Assert.assertEquals(Assert.java:666)\n\tat stepDefinitions.dataStructureSteps.user_should_see_code_executed_successfully(dataStructureSteps.java:136)\n\tat ✽.User should see code executed successfully(file:///Users/praveenkumarsharma/eclipse-workspace/justdsalgo/src/test/resources/features/list.feature:85)\n"},"stage":"finished","steps":[],"attachments":[],"parameters":[],"start":1697736443554,"stop":1697736443577}],"attachments":[],"parameters":[{"name":"Sheetname","value":"Sheet1"},{"name":"RowNumber","value":"4"}],"start":1697736426964,"stop":1697736447192}