{"uuid":"6c99a8ca-97a2-4188-86a6-e59630d149c5","historyId":"4bb2a2c0f3c27e921621b51ede8f2826","fullName":"src/test/resources/features/array.feature:73","labels":[{"name":"tag","value":"array"},{"name":"host","value":"Praveens-MacBook-Pro-2.local"},{"name":"thread","value":"93051@Praveens-MacBook-Pro-2.local.main(1)"},{"name":"feature","value":"User navigate to Array data structure Page and try different operations on Arrays"},{"name":"story","value":"User navigate to Array data structure page and try practice questions with invalid code"},{"name":"suite","value":"User navigate to Array data structure Page and try different operations on Arrays"},{"name":"testClass","value":"User navigate to Array data structure page and try practice questions with invalid code"},{"name":"framework","value":"cucumber4jvm"},{"name":"language","value":"java"},{"name":"gherkin_uri","value":"file:///Users/praveenkumarsharma/eclipse-workspace/justdsalgo/src/test/resources/features/array.feature"},{"name":"package","value":"src.test.resources.features.array_feature.User navigate to Array data structure Page and try different operations on Arrays"}],"links":[],"name":"User navigate to Array data structure page and try practice questions with invalid code","status":"failed","statusDetails":{"known":false,"muted":false,"flaky":false,"message":"expected [true] but found [false]","trace":"java.lang.AssertionError: expected [true] but found [false]\n\tat org.testng.Assert.fail(Assert.java:111)\n\tat org.testng.Assert.failNotEquals(Assert.java:1578)\n\tat org.testng.Assert.assertTrue(Assert.java:57)\n\tat org.testng.Assert.assertTrue(Assert.java:67)\n\tat stepDefinitions.dataStructureSteps.user_should_get_error_message_alert_window(dataStructureSteps.java:96)\n\tat ✽.User should get error message alert window(file:///Users/praveenkumarsharma/eclipse-workspace/justdsalgo/src/test/resources/features/array.feature:68)\n"},"stage":"finished","steps":[{"name":"Given  The user is on signin page","status":"passed","statusDetails":{"known":false,"muted":false,"flaky":false},"stage":"finished","steps":[],"attachments":[],"parameters":[],"start":1697465923657,"stop":1697465925569},{"name":"When  The user enter sheet \"Sheet1\" and 3","status":"passed","statusDetails":{"known":false,"muted":false,"flaky":false},"stage":"finished","steps":[],"attachments":[],"parameters":[],"start":1697465925569,"stop":1697465925805},{"name":"And  click login button","status":"passed","statusDetails":{"known":false,"muted":false,"flaky":false},"stage":"finished","steps":[],"attachments":[],"parameters":[],"start":1697465925806,"stop":1697465926631},{"name":"When  User click Get Started button for Array card","status":"passed","statusDetails":{"known":false,"muted":false,"flaky":false},"stage":"finished","steps":[],"attachments":[],"parameters":[],"start":1697465926632,"stop":1697465927682},{"name":"Then  User should redirected to Array page","status":"passed","statusDetails":{"known":false,"muted":false,"flaky":false},"stage":"finished","steps":[],"attachments":[],"parameters":[],"start":1697465927683,"stop":1697465927690},{"name":"When  User click arrays in python link","status":"passed","statusDetails":{"known":false,"muted":false,"flaky":false},"stage":"finished","steps":[],"attachments":[],"parameters":[],"start":1697465927691,"stop":1697465928449},{"name":"Then  User navigate to practice search the array question","status":"passed","statusDetails":{"known":false,"muted":false,"flaky":false},"stage":"finished","steps":[],"attachments":[],"parameters":[],"start":1697465928450,"stop":1697465932069},{"name":"When  User enter invalid python code \"Sheet1\" in tryEditor 3 and click run button","status":"passed","statusDetails":{"known":false,"muted":false,"flaky":false},"stage":"finished","steps":[],"attachments":[],"parameters":[],"start":1697465932070,"stop":1697465932317},{"name":"Then  User should get error message alert window","status":"failed","statusDetails":{"known":false,"muted":false,"flaky":false,"message":"expected [true] but found [false]","trace":"java.lang.AssertionError: expected [true] but found [false]\n\tat org.testng.Assert.fail(Assert.java:111)\n\tat org.testng.Assert.failNotEquals(Assert.java:1578)\n\tat org.testng.Assert.assertTrue(Assert.java:57)\n\tat org.testng.Assert.assertTrue(Assert.java:67)\n\tat stepDefinitions.dataStructureSteps.user_should_get_error_message_alert_window(dataStructureSteps.java:96)\n\tat ✽.User should get error message alert window(file:///Users/praveenkumarsharma/eclipse-workspace/justdsalgo/src/test/resources/features/array.feature:68)\n"},"stage":"finished","steps":[],"attachments":[],"parameters":[],"start":1697465932318,"stop":1697465932331}],"attachments":[],"parameters":[{"name":"Sheetname","value":"Sheet1"},{"name":"RowNumber","value":"3"}],"start":1697465922047,"stop":1697465932340}