{"uuid":"9b1a9602-cfab-4a89-bddb-c4cb41678be3","historyId":"4bb2a2c0f3c27e921621b51ede8f2826","fullName":"src/test/resources/features/array.feature:73","labels":[{"name":"tag","value":"array"},{"name":"host","value":"Praveens-MacBook-Pro-2.local"},{"name":"thread","value":"81258@Praveens-MacBook-Pro-2.local.main(1)"},{"name":"feature","value":"User navigate to Array data structure Page and try different operations on Arrays"},{"name":"story","value":"User navigate to Array data structure page and try practice questions with invalid code"},{"name":"suite","value":"User navigate to Array data structure Page and try different operations on Arrays"},{"name":"testClass","value":"User navigate to Array data structure page and try practice questions with invalid code"},{"name":"framework","value":"cucumber4jvm"},{"name":"language","value":"java"},{"name":"gherkin_uri","value":"file:///Users/praveenkumarsharma/eclipse-workspace/justdsalgo/src/test/resources/features/array.feature"},{"name":"package","value":"src.test.resources.features.array_feature.User navigate to Array data structure Page and try different operations on Arrays"}],"links":[],"name":"User navigate to Array data structure page and try practice questions with invalid code","status":"failed","statusDetails":{"known":false,"muted":false,"flaky":false,"message":"expected [true] but found [false]","trace":"java.lang.AssertionError: expected [true] but found [false]\n\tat org.testng.Assert.fail(Assert.java:111)\n\tat org.testng.Assert.failNotEquals(Assert.java:1578)\n\tat org.testng.Assert.assertTrue(Assert.java:57)\n\tat org.testng.Assert.assertTrue(Assert.java:67)\n\tat stepDefinitions.dataStructureSteps.user_should_get_error_message_alert_window(dataStructureSteps.java:96)\n\tat ✽.User should get error message alert window(file:///Users/praveenkumarsharma/eclipse-workspace/justdsalgo/src/test/resources/features/array.feature:68)\n"},"stage":"finished","steps":[{"name":"Given  The user is on signin page","status":"passed","statusDetails":{"known":false,"muted":false,"flaky":false},"stage":"finished","steps":[],"attachments":[],"parameters":[],"start":1698044783015,"stop":1698044784925},{"name":"When  The user enter sheet \"Sheet1\" and 3","status":"passed","statusDetails":{"known":false,"muted":false,"flaky":false},"stage":"finished","steps":[],"attachments":[],"parameters":[],"start":1698044784925,"stop":1698044785150},{"name":"And  click login button","status":"passed","statusDetails":{"known":false,"muted":false,"flaky":false},"stage":"finished","steps":[],"attachments":[],"parameters":[],"start":1698044785150,"stop":1698044785966},{"name":"When  User click Get Started button for Array card","status":"passed","statusDetails":{"known":false,"muted":false,"flaky":false},"stage":"finished","steps":[],"attachments":[],"parameters":[],"start":1698044785966,"stop":1698044786858},{"name":"Then  User should redirected to Array page","status":"passed","statusDetails":{"known":false,"muted":false,"flaky":false},"stage":"finished","steps":[],"attachments":[],"parameters":[],"start":1698044786860,"stop":1698044786872},{"name":"When  User click arrays in python link","status":"passed","statusDetails":{"known":false,"muted":false,"flaky":false},"stage":"finished","steps":[],"attachments":[],"parameters":[],"start":1698044786872,"stop":1698044787606},{"name":"Then  User navigate to practice search the array question","status":"passed","statusDetails":{"known":false,"muted":false,"flaky":false},"stage":"finished","steps":[],"attachments":[],"parameters":[],"start":1698044787607,"stop":1698044790631},{"name":"When  User enter invalid python code \"Sheet1\" in tryEditor 3 and click run button","status":"passed","statusDetails":{"known":false,"muted":false,"flaky":false},"stage":"finished","steps":[],"attachments":[],"parameters":[],"start":1698044790632,"stop":1698044790939},{"name":"Then  User should get error message alert window","status":"failed","statusDetails":{"known":false,"muted":false,"flaky":false,"message":"expected [true] but found [false]","trace":"java.lang.AssertionError: expected [true] but found [false]\n\tat org.testng.Assert.fail(Assert.java:111)\n\tat org.testng.Assert.failNotEquals(Assert.java:1578)\n\tat org.testng.Assert.assertTrue(Assert.java:57)\n\tat org.testng.Assert.assertTrue(Assert.java:67)\n\tat stepDefinitions.dataStructureSteps.user_should_get_error_message_alert_window(dataStructureSteps.java:96)\n\tat ✽.User should get error message alert window(file:///Users/praveenkumarsharma/eclipse-workspace/justdsalgo/src/test/resources/features/array.feature:68)\n"},"stage":"finished","steps":[],"attachments":[],"parameters":[],"start":1698044790939,"stop":1698044790950}],"attachments":[],"parameters":[{"name":"Sheetname","value":"Sheet1"},{"name":"RowNumber","value":"3"}],"start":1698044781279,"stop":1698044790960}