{"uuid":"bd6d809f-1165-4dc8-9785-b06d4f8c7204","historyId":"4bb2a2c0f3c27e921621b51ede8f2826","fullName":"src/test/resources/features/array.feature:73","labels":[{"name":"tag","value":"array"},{"name":"host","value":"Praveens-MacBook-Pro-2.local"},{"name":"thread","value":"2428@Praveens-MacBook-Pro-2.local.main(1)"},{"name":"feature","value":"User navigate to Array data structure Page and try different operations on Arrays"},{"name":"story","value":"User navigate to Array data structure page and try practice questions with invalid code"},{"name":"suite","value":"User navigate to Array data structure Page and try different operations on Arrays"},{"name":"testClass","value":"User navigate to Array data structure page and try practice questions with invalid code"},{"name":"framework","value":"cucumber4jvm"},{"name":"language","value":"java"},{"name":"gherkin_uri","value":"file:///Users/praveenkumarsharma/eclipse-workspace/justdsalgo/src/test/resources/features/array.feature"},{"name":"package","value":"src.test.resources.features.array_feature.User navigate to Array data structure Page and try different operations on Arrays"}],"links":[],"name":"User navigate to Array data structure page and try practice questions with invalid code","status":"failed","statusDetails":{"known":false,"muted":false,"flaky":false,"message":"expected [true] but found [false]","trace":"java.lang.AssertionError: expected [true] but found [false]\n\tat org.testng.Assert.fail(Assert.java:111)\n\tat org.testng.Assert.failNotEquals(Assert.java:1578)\n\tat org.testng.Assert.assertTrue(Assert.java:57)\n\tat org.testng.Assert.assertTrue(Assert.java:67)\n\tat stepDefinitions.dataStructureSteps.user_should_get_error_message_alert_window(dataStructureSteps.java:96)\n\tat ✽.User should get error message alert window(file:///Users/praveenkumarsharma/eclipse-workspace/justdsalgo/src/test/resources/features/array.feature:68)\n"},"stage":"finished","steps":[{"name":"Given  The user is on signin page","status":"passed","statusDetails":{"known":false,"muted":false,"flaky":false},"stage":"finished","steps":[],"attachments":[],"parameters":[],"start":1697531439741,"stop":1697531441862},{"name":"When  The user enter sheet \"Sheet1\" and 3","status":"passed","statusDetails":{"known":false,"muted":false,"flaky":false},"stage":"finished","steps":[],"attachments":[],"parameters":[],"start":1697531441862,"stop":1697531442083},{"name":"And  click login button","status":"passed","statusDetails":{"known":false,"muted":false,"flaky":false},"stage":"finished","steps":[],"attachments":[],"parameters":[],"start":1697531442083,"stop":1697531443015},{"name":"When  User click Get Started button for Array card","status":"passed","statusDetails":{"known":false,"muted":false,"flaky":false},"stage":"finished","steps":[],"attachments":[],"parameters":[],"start":1697531443016,"stop":1697531444007},{"name":"Then  User should redirected to Array page","status":"passed","statusDetails":{"known":false,"muted":false,"flaky":false},"stage":"finished","steps":[],"attachments":[],"parameters":[],"start":1697531444008,"stop":1697531444014},{"name":"When  User click arrays in python link","status":"passed","statusDetails":{"known":false,"muted":false,"flaky":false},"stage":"finished","steps":[],"attachments":[],"parameters":[],"start":1697531444014,"stop":1697531444866},{"name":"Then  User navigate to practice search the array question","status":"passed","statusDetails":{"known":false,"muted":false,"flaky":false},"stage":"finished","steps":[],"attachments":[],"parameters":[],"start":1697531444866,"stop":1697531447906},{"name":"When  User enter invalid python code \"Sheet1\" in tryEditor 3 and click run button","status":"passed","statusDetails":{"known":false,"muted":false,"flaky":false},"stage":"finished","steps":[],"attachments":[],"parameters":[],"start":1697531447906,"stop":1697531448155},{"name":"Then  User should get error message alert window","status":"failed","statusDetails":{"known":false,"muted":false,"flaky":false,"message":"expected [true] but found [false]","trace":"java.lang.AssertionError: expected [true] but found [false]\n\tat org.testng.Assert.fail(Assert.java:111)\n\tat org.testng.Assert.failNotEquals(Assert.java:1578)\n\tat org.testng.Assert.assertTrue(Assert.java:57)\n\tat org.testng.Assert.assertTrue(Assert.java:67)\n\tat stepDefinitions.dataStructureSteps.user_should_get_error_message_alert_window(dataStructureSteps.java:96)\n\tat ✽.User should get error message alert window(file:///Users/praveenkumarsharma/eclipse-workspace/justdsalgo/src/test/resources/features/array.feature:68)\n"},"stage":"finished","steps":[],"attachments":[],"parameters":[],"start":1697531448156,"stop":1697531448170}],"attachments":[],"parameters":[{"name":"Sheetname","value":"Sheet1"},{"name":"RowNumber","value":"3"}],"start":1697531438123,"stop":1697531448183}