{"uuid":"cc5c5fb4-7286-426b-b54e-4772b0ae92f3","historyId":"4bb2a2c0f3c27e921621b51ede8f2826","fullName":"src/test/resources/features/array.feature:73","labels":[{"name":"tag","value":"array"},{"name":"host","value":"Praveens-MacBook-Pro-2.local"},{"name":"thread","value":"19843@Praveens-MacBook-Pro-2.local.main(1)"},{"name":"feature","value":"User navigate to Array data structure Page and try different operations on Arrays"},{"name":"story","value":"User navigate to Array data structure page and try practice questions with invalid code"},{"name":"suite","value":"User navigate to Array data structure Page and try different operations on Arrays"},{"name":"testClass","value":"User navigate to Array data structure page and try practice questions with invalid code"},{"name":"framework","value":"cucumber4jvm"},{"name":"language","value":"java"},{"name":"gherkin_uri","value":"file:///Users/praveenkumarsharma/eclipse-workspace/justdsalgo/src/test/resources/features/array.feature"},{"name":"package","value":"src.test.resources.features.array_feature.User navigate to Array data structure Page and try different operations on Arrays"}],"links":[],"name":"User navigate to Array data structure page and try practice questions with invalid code","status":"failed","statusDetails":{"known":false,"muted":false,"flaky":false,"message":"expected [true] but found [false]","trace":"java.lang.AssertionError: expected [true] but found [false]\n\tat org.testng.Assert.fail(Assert.java:111)\n\tat org.testng.Assert.failNotEquals(Assert.java:1578)\n\tat org.testng.Assert.assertTrue(Assert.java:57)\n\tat org.testng.Assert.assertTrue(Assert.java:67)\n\tat stepDefinitions.dataStructureSteps.user_should_get_error_message_alert_window(dataStructureSteps.java:96)\n\tat ✽.User should get error message alert window(file:///Users/praveenkumarsharma/eclipse-workspace/justdsalgo/src/test/resources/features/array.feature:68)\n"},"stage":"finished","steps":[{"name":"Given  The user is on signin page","status":"passed","statusDetails":{"known":false,"muted":false,"flaky":false},"stage":"finished","steps":[],"attachments":[],"parameters":[],"start":1697640179139,"stop":1697640181174},{"name":"When  The user enter sheet \"Sheet1\" and 3","status":"passed","statusDetails":{"known":false,"muted":false,"flaky":false},"stage":"finished","steps":[],"attachments":[],"parameters":[],"start":1697640181174,"stop":1697640181356},{"name":"And  click login button","status":"passed","statusDetails":{"known":false,"muted":false,"flaky":false},"stage":"finished","steps":[],"attachments":[],"parameters":[],"start":1697640181357,"stop":1697640182167},{"name":"When  User click Get Started button for Array card","status":"passed","statusDetails":{"known":false,"muted":false,"flaky":false},"stage":"finished","steps":[],"attachments":[],"parameters":[],"start":1697640182168,"stop":1697640183091},{"name":"Then  User should redirected to Array page","status":"passed","statusDetails":{"known":false,"muted":false,"flaky":false},"stage":"finished","steps":[],"attachments":[],"parameters":[],"start":1697640183092,"stop":1697640183098},{"name":"When  User click arrays in python link","status":"passed","statusDetails":{"known":false,"muted":false,"flaky":false},"stage":"finished","steps":[],"attachments":[],"parameters":[],"start":1697640183098,"stop":1697640183825},{"name":"Then  User navigate to practice search the array question","status":"passed","statusDetails":{"known":false,"muted":false,"flaky":false},"stage":"finished","steps":[],"attachments":[],"parameters":[],"start":1697640183826,"stop":1697640189010},{"name":"When  User enter invalid python code \"Sheet1\" in tryEditor 3 and click run button","status":"passed","statusDetails":{"known":false,"muted":false,"flaky":false},"stage":"finished","steps":[],"attachments":[],"parameters":[],"start":1697640189010,"stop":1697640189205},{"name":"Then  User should get error message alert window","status":"failed","statusDetails":{"known":false,"muted":false,"flaky":false,"message":"expected [true] but found [false]","trace":"java.lang.AssertionError: expected [true] but found [false]\n\tat org.testng.Assert.fail(Assert.java:111)\n\tat org.testng.Assert.failNotEquals(Assert.java:1578)\n\tat org.testng.Assert.assertTrue(Assert.java:57)\n\tat org.testng.Assert.assertTrue(Assert.java:67)\n\tat stepDefinitions.dataStructureSteps.user_should_get_error_message_alert_window(dataStructureSteps.java:96)\n\tat ✽.User should get error message alert window(file:///Users/praveenkumarsharma/eclipse-workspace/justdsalgo/src/test/resources/features/array.feature:68)\n"},"stage":"finished","steps":[],"attachments":[],"parameters":[],"start":1697640189215,"stop":1697640189222}],"attachments":[],"parameters":[{"name":"Sheetname","value":"Sheet1"},{"name":"RowNumber","value":"3"}],"start":1697640177574,"stop":1697640189239}